<?xml version="1.0" encoding="UTF-8"?>
<!-- Generated by org.testng.reporters.JUnitXMLReporter -->
<testsuite hostname="INAIRLT541061" ignored="1" name="FireFoxTests" tests="2" failures="0" timestamp="2020-01-24T18:14:51 IST" time="57.842" errors="0">
  <testcase name="testMultiSelectDropdown" time="5.151" classname="com.main.tests.HomePageTest"/>
  <testcase name="testMultiSelectDropdown" time="2.63" classname="com.main.tests.HomePageTest"/>
  <testcase name="twitterTest" time="0.0" classname="com.main.tests.HomePageTest">
    <ignored/>
  </testcase> <!-- twitterTest -->
</testsuite> <!-- FireFoxTests -->
